11:53:45.644 [JavaFX Application Thread] DEBUG GameApplication      - Logger initialized
11:53:45.658 [JavaFX Application Thread] DEBUG GameApplication      - Logging settings
Title: Spiltest
Version: 0.0
Width: 1280
Height: 720
Fullscreen: false
Intro: false
Menus: false
Profiling: false
Single step:false
App Mode: DEVELOPER
Menu Key: ESCAPE
Stage Style: DECORATED
Scene Factory: class com.almasb.fxgl.scene.SceneFactory
Dialog Factory: class com.almasb.fxgl.ui.FXGLDialogFactory
UI Factory: class com.almasb.fxgl.ui.FXGLUIFactory
Notification Service: class com.almasb.fxgl.gameplay.notification.XboxNotificationView
Exception Handler: class com.almasb.fxgl.app.FXGLExceptionHandler
11:53:45.658 [JavaFX Application Thread] DEBUG GameApplication      - Starting FXGL
11:53:45.668 [JavaFX Application Thread] INFO  FXGL                 - FXGL-0.5.4 on DESKTOP
11:53:45.668 [JavaFX Application Thread] INFO  FXGL                 - Source code and latest versions at: https://github.com/AlmasB/FXGL
11:53:45.668 [JavaFX Application Thread] INFO  FXGL                 -              Join the FXGL chat at: https://gitter.im/AlmasB/FXGL
11:53:45.668 [JavaFX Application Thread] DEBUG FXGL                 - FXGL started
11:53:45.669 [JavaFX Application Thread] DEBUG FXGL                 - Initializing FXGL
11:53:45.713 [JavaFX Application Thread] DEBUG AssetLoader          - Loading from disk: /assets/ui/cursors/fxgl_default.png
11:53:45.779 [JavaFX Application Thread] DEBUG AssetLoader          - Loading from disk: /assets/ui/fonts/VarelaRound-Regular.ttf
11:53:45.960 [JavaFX Application Thread] DEBUG MainWindow           - Creating a JavaFX scene
11:53:45.990 [JavaFX Application Thread] DEBUG MainWindow           - Target settings size: 1280.0 x 720.0
11:53:45.990 [JavaFX Application Thread] DEBUG MainWindow           - Scaled scene size:    1280.0 x 720.0
11:53:45.990 [JavaFX Application Thread] DEBUG MainWindow           - Scaled ratio: (1.0, 1.0)
11:53:45.992 [JavaFX Application Thread] DEBUG AssetLoader          - Loading from disk: /assets/ui/css/fxgl_dark.css
11:53:45.994 [JavaFX Application Thread] DEBUG AssetLoader          - Loading from disk: /assets/textures/fxgl_icon.png
11:53:46.007 [JavaFX Application Thread] DEBUG MainWindow           - Opening main window
11:53:46.100 [JavaFX Application Thread] DEBUG MainWindow           - Window border size: (14.4000244140625, 37.5999755859375)
11:53:46.100 [JavaFX Application Thread] DEBUG MainWindow           - Scaled size: 1280.0 x 720.0
11:53:46.100 [JavaFX Application Thread] DEBUG MainWindow           - Scaled ratio: (1.0, 1.0)
11:53:46.100 [JavaFX Application Thread] DEBUG MainWindow           - Scene size: 1280.0 x 720.0
11:53:46.100 [JavaFX Application Thread] DEBUG MainWindow           - Stage size: 1294.4000244140625 x 757.5999755859375
11:53:46.211 [ForkJoinPool.commonPool-worker-1] DEBUG FS                   - Loaded DesktopFSService
11:53:46.211 [ForkJoinPool.commonPool-worker-1] DEBUG FXGL                 - Loading FXGL system data
11:53:46.217 [ForkJoinPool.commonPool-worker-1] DEBUG DesktopFSService     - Reading from: system\fxgl.bundle
11:53:46.226 [ForkJoinPool.commonPool-worker-1] DEBUG Bundle               - Logging bundle: FXGL
11:53:46.227 [ForkJoinPool.commonPool-worker-1] DEBUG Bundle               - FXGL.offline.timer.version.check=2019-01-07T11:53:34.721870700
11:53:46.244 [ForkJoinPool.commonPool-worker-1] DEBUG FXGL                 - Initializing state machine and application states
11:53:46.246 [ForkJoinPool.commonPool-worker-1] DEBUG AssetLoader          - Loading from disk: /assets/ui/cursors/fxgl_default.png
11:53:46.312 [ForkJoinPool.commonPool-worker-1] DEBUG AssetLoader          - Loading from disk: /assets/ui/cursors/fxgl_default.png
11:53:46.316 [ForkJoinPool.commonPool-worker-1] DEBUG AssetLoader          - Loading from cache: /assets/ui/fonts/VarelaRound-Regular.ttf
11:53:46.318 [ForkJoinPool.commonPool-worker-1] DEBUG AssetLoader          - Loading from disk: /assets/ui/cursors/fxgl_default.png
11:53:46.320 [ForkJoinPool.commonPool-worker-1] DEBUG GameScene            - Game scene initialized: 1280x720
11:53:46.323 [ForkJoinPool.commonPool-worker-1] DEBUG GameWorld            - Game world initialized
11:53:46.356 [ForkJoinPool.commonPool-worker-1] DEBUG PhysicsWorld         - Physics world initialized: appHeight=720, physics.ppm=50,0
11:53:46.369 [ForkJoinPool.commonPool-worker-1] DEBUG Input                - Registered new binding: Pause - Esc
11:53:46.411 [JavaFX Application Thread] DEBUG FXGL                 - Running preInit()
11:53:46.412 [JavaFX Application Thread] DEBUG Input                - Registered new binding: Screenshot - P
11:53:46.412 [JavaFX Application Thread] DEBUG Input                - Registered new binding: Dev Options - CTRL+0
11:53:46.412 [JavaFX Application Thread] DEBUG Input                - Registered new binding: System info dump - CTRL+9
11:53:46.413 [JavaFX Application Thread] DEBUG Input                - Registered new binding: Restart - CTRL+R
11:53:46.413 [JavaFX Application Thread] INFO  FXGL                 - FXGL initialization took: 0,744 sec
11:53:46.413 [JavaFX Application Thread] DEBUG LoopRunner           - Starting loop
11:53:46.425 [JavaFX Application Thread] DEBUG StartupState         - STARTUP
11:53:46.425 [JavaFX Application Thread] DEBUG GameApplication      - Starting new game
11:53:46.425 [JavaFX Application Thread] DEBUG Input                - Clearing active input actions
11:53:46.426 [JavaFX Application Thread] DEBUG AssetLoader          - Loading from disk: /assets/ui/css/fxgl_dark.css
11:53:46.431 [JavaFX Application Thread] DEBUG AppStateMachine      - StartupState -> LoadingState
11:53:46.481 [FXGL Background Thread 1 ] DEBUG InitAppTask          - Clearing previous game
11:53:46.481 [FXGL Background Thread 1 ] DEBUG GameWorld            - Clearing game world
11:53:46.482 [FXGL Background Thread 1 ] DEBUG PhysicsWorld         - Clearing physics world
11:53:46.482 [FXGL Background Thread 1 ] DEBUG GameScene            - Clearing game scene
11:53:46.482 [FXGL Background Thread 1 ] DEBUG InitAppTask          - Initializing Game
11:53:46.487 [FXGL Background Thread 1 ] DEBUG InitAppTask          - Initializing Physics
11:53:46.487 [FXGL Background Thread 1 ] DEBUG InitAppTask          - Initializing UI
11:53:46.487 [FXGL Background Thread 1 ] DEBUG InitAppTask          - Initialization Complete
11:53:46.488 [FXGL Background Thread 1 ] INFO  InitAppTask          - Game initialization took: 0,006 sec
11:53:46.489 [JavaFX Application Thread] DEBUG Input                - Clearing active input actions
11:53:46.489 [JavaFX Application Thread] DEBUG AssetLoader          - Loading from disk: /assets/ui/css/fxgl_dark.css
11:53:46.493 [JavaFX Application Thread] DEBUG AppStateMachine      - LoadingState -> PlayState
11:53:49.667 [JavaFX Application Thread] DEBUG FXGL                 - Exiting FXGL
11:53:49.667 [JavaFX Application Thread] DEBUG FXGL                 - Shutting down background threads
11:53:49.667 [JavaFX Application Thread] DEBUG FXGL                 - Saving FXGL system data
11:53:49.669 [JavaFX Application Thread] DEBUG DesktopFSService     - Writing to: system\fxgl.bundle
11:53:49.672 [JavaFX Application Thread] DEBUG FXGL                 - Closing logger and exiting JavaFX
