11:53:33.586 [JavaFX Application Thread] DEBUG GameApplication      - Logger initialized
11:53:33.597 [JavaFX Application Thread] DEBUG GameApplication      - Logging settings
Title: Spiltest
Version: 0.0
Width: 1280
Height: 720
Fullscreen: false
Intro: false
Menus: false
Profiling: false
Single step:false
App Mode: DEVELOPER
Menu Key: ESCAPE
Stage Style: DECORATED
Scene Factory: class com.almasb.fxgl.scene.SceneFactory
Dialog Factory: class com.almasb.fxgl.ui.FXGLDialogFactory
UI Factory: class com.almasb.fxgl.ui.FXGLUIFactory
Notification Service: class com.almasb.fxgl.gameplay.notification.XboxNotificationView
Exception Handler: class com.almasb.fxgl.app.FXGLExceptionHandler
11:53:33.597 [JavaFX Application Thread] DEBUG GameApplication      - Starting FXGL
11:53:33.605 [JavaFX Application Thread] INFO  FXGL                 - FXGL-0.5.4 on DESKTOP
11:53:33.605 [JavaFX Application Thread] INFO  FXGL                 - Source code and latest versions at: https://github.com/AlmasB/FXGL
11:53:33.605 [JavaFX Application Thread] INFO  FXGL                 -              Join the FXGL chat at: https://gitter.im/AlmasB/FXGL
11:53:33.605 [JavaFX Application Thread] DEBUG FXGL                 - FXGL started
11:53:33.605 [JavaFX Application Thread] DEBUG FXGL                 - Initializing FXGL
11:53:33.634 [JavaFX Application Thread] DEBUG AssetLoader          - Loading from disk: /assets/ui/cursors/fxgl_default.png
11:53:33.711 [JavaFX Application Thread] DEBUG AssetLoader          - Loading from disk: /assets/ui/fonts/VarelaRound-Regular.ttf
11:53:33.963 [JavaFX Application Thread] DEBUG MainWindow           - Creating a JavaFX scene
11:53:34.003 [JavaFX Application Thread] DEBUG MainWindow           - Target settings size: 1280.0 x 720.0
11:53:34.003 [JavaFX Application Thread] DEBUG MainWindow           - Scaled scene size:    1280.0 x 720.0
11:53:34.003 [JavaFX Application Thread] DEBUG MainWindow           - Scaled ratio: (1.0, 1.0)
11:53:34.005 [JavaFX Application Thread] DEBUG AssetLoader          - Loading from disk: /assets/ui/css/fxgl_dark.css
11:53:34.007 [JavaFX Application Thread] DEBUG AssetLoader          - Loading from disk: /assets/textures/fxgl_icon.png
11:53:34.019 [JavaFX Application Thread] DEBUG MainWindow           - Opening main window
11:53:34.106 [JavaFX Application Thread] DEBUG MainWindow           - Window border size: (14.4000244140625, 37.5999755859375)
11:53:34.106 [JavaFX Application Thread] DEBUG MainWindow           - Scaled size: 1280.0 x 720.0
11:53:34.106 [JavaFX Application Thread] DEBUG MainWindow           - Scaled ratio: (1.0, 1.0)
11:53:34.107 [JavaFX Application Thread] DEBUG MainWindow           - Scene size: 1280.0 x 720.0
11:53:34.108 [JavaFX Application Thread] DEBUG MainWindow           - Stage size: 1294.4000244140625 x 757.5999755859375
11:53:34.174 [ForkJoinPool.commonPool-worker-1] DEBUG FS                   - Loaded DesktopFSService
11:53:34.183 [ForkJoinPool.commonPool-worker-1] DEBUG FXGL                 - Loading default FXGL system data
11:53:34.185 [ForkJoinPool.commonPool-worker-1] DEBUG FXGL                 - Initializing state machine and application states
11:53:34.186 [ForkJoinPool.commonPool-worker-1] DEBUG AssetLoader          - Loading from disk: /assets/ui/cursors/fxgl_default.png
11:53:34.204 [ForkJoinPool.commonPool-worker-2] DEBUG UpdaterTask          - Checking for updates
11:53:34.214 [ForkJoinPool.commonPool-worker-1] DEBUG AssetLoader          - Loading from disk: /assets/ui/cursors/fxgl_default.png
11:53:34.220 [ForkJoinPool.commonPool-worker-1] DEBUG AssetLoader          - Loading from cache: /assets/ui/fonts/VarelaRound-Regular.ttf
11:53:34.222 [ForkJoinPool.commonPool-worker-1] DEBUG AssetLoader          - Loading from disk: /assets/ui/cursors/fxgl_default.png
11:53:34.224 [ForkJoinPool.commonPool-worker-1] DEBUG GameScene            - Game scene initialized: 1280x720
11:53:34.228 [ForkJoinPool.commonPool-worker-1] DEBUG GameWorld            - Game world initialized
11:53:34.271 [ForkJoinPool.commonPool-worker-1] DEBUG PhysicsWorld         - Physics world initialized: appHeight=720, physics.ppm=50,0
11:53:34.283 [ForkJoinPool.commonPool-worker-1] DEBUG Input                - Registered new binding: Pause - Esc
11:53:34.340 [JavaFX Application Thread] DEBUG FXGL                 - Running preInit()
11:53:34.341 [JavaFX Application Thread] DEBUG Input                - Registered new binding: Screenshot - P
11:53:34.342 [JavaFX Application Thread] DEBUG Input                - Registered new binding: Dev Options - CTRL+0
11:53:34.342 [JavaFX Application Thread] DEBUG Input                - Registered new binding: System info dump - CTRL+9
11:53:34.343 [JavaFX Application Thread] DEBUG Input                - Registered new binding: Restart - CTRL+R
11:53:34.343 [JavaFX Application Thread] INFO  FXGL                 - FXGL initialization took: 0,738 sec
11:53:34.343 [JavaFX Application Thread] DEBUG LoopRunner           - Starting loop
11:53:34.344 [JavaFX Application Thread] DEBUG StartupState         - STARTUP
11:53:34.344 [JavaFX Application Thread] DEBUG GameApplication      - Starting new game
11:53:34.344 [JavaFX Application Thread] DEBUG Input                - Clearing active input actions
11:53:34.345 [JavaFX Application Thread] DEBUG AssetLoader          - Loading from disk: /assets/ui/css/fxgl_dark.css
11:53:34.350 [JavaFX Application Thread] DEBUG AppStateMachine      - StartupState -> LoadingState
11:53:34.393 [FXGL Background Thread 1 ] DEBUG InitAppTask          - Clearing previous game
11:53:34.394 [FXGL Background Thread 1 ] DEBUG GameWorld            - Clearing game world
11:53:34.394 [FXGL Background Thread 1 ] DEBUG PhysicsWorld         - Clearing physics world
11:53:34.394 [FXGL Background Thread 1 ] DEBUG GameScene            - Clearing game scene
11:53:34.398 [FXGL Background Thread 1 ] DEBUG InitAppTask          - Initializing Game
11:53:34.405 [FXGL Background Thread 1 ] DEBUG InitAppTask          - Initializing Physics
11:53:34.406 [FXGL Background Thread 1 ] DEBUG InitAppTask          - Initializing UI
11:53:34.406 [FXGL Background Thread 1 ] DEBUG InitAppTask          - Initialization Complete
11:53:34.406 [FXGL Background Thread 1 ] INFO  InitAppTask          - Game initialization took: 0,012 sec
11:53:34.407 [JavaFX Application Thread] DEBUG Input                - Clearing active input actions
11:53:34.407 [JavaFX Application Thread] DEBUG AssetLoader          - Loading from disk: /assets/ui/css/fxgl_dark.css
11:53:34.411 [JavaFX Application Thread] DEBUG AppStateMachine      - LoadingState -> PlayState
11:53:41.662 [JavaFX Application Thread] DEBUG FXGL                 - Exiting FXGL
11:53:41.662 [JavaFX Application Thread] DEBUG FXGL                 - Shutting down background threads
11:53:41.662 [JavaFX Application Thread] DEBUG FXGL                 - Saving FXGL system data
11:53:41.665 [JavaFX Application Thread] DEBUG DesktopFSService     - Writing to: system\fxgl.bundle
11:53:41.673 [JavaFX Application Thread] DEBUG FXGL                 - Closing logger and exiting JavaFX
